<?xml version="1.0" encoding="UTF-8"?>
<testng-results ignored="0" total="1" passed="1" failed="0" skipped="0">
  <reporter-output>
  </reporter-output>
  <suite started-at="2022-03-15T12:29:27Z" name="Suite" finished-at="2022-03-15T12:29:27Z" duration-ms="46">
    <groups>
    </groups>
    <test started-at="2022-03-15T12:29:27Z" name="Test" finished-at="2022-03-15T12:29:27Z" duration-ms="46">
      <class name="Acadamy.Maven.java.SeleniumTest">
        <test-method signature="MavenrunTest()[pri:0, instance:Acadamy.Maven.java.SeleniumTest@2cf3d63b]" started-at="2022-03-15T17:59:27Z" name="MavenrunTest" finished-at="2022-03-15T17:59:27Z" duration-ms="16" status="PASS">
          <reporter-output>
          </reporter-output>
        </test-method> <!-- MavenrunTest -->
      </class> <!-- Acadamy.Maven.java.SeleniumTest -->
    </test> <!-- Test -->
  </suite> <!-- Suite -->
</testng-results>
